<?xml version="1.0" encoding="UTF-8"?>
<testng-results total="1" passed="1" failed="0" skipped="0">
  <reporter-output>
  </reporter-output>
  <suite started-at="2020-07-03T18:24:51Z" name="Default suite" finished-at="2020-07-03T18:25:01Z" duration-ms="9982">
    <groups>
    </groups>
    <test started-at="2020-07-03T18:24:51Z" name="Default test" finished-at="2020-07-03T18:25:01Z" duration-ms="9982">
      <class name="Com.qa.test.Testmaven">
        <test-method signature="demo()[pri:0, instance:Com.qa.test.Testmaven@609cd4d8]" started-at="2020-07-03T23:54:51Z" name="demo" finished-at="2020-07-03T23:55:01Z" duration-ms="9946" status="PASS">
          <reporter-output>
          </reporter-output>
        </test-method> <!-- demo -->
      </class> <!-- Com.qa.test.Testmaven -->
    </test> <!-- Default test -->
  </suite> <!-- Default suite -->
</testng-results>
